TN:
SF:src/Bolt.sol
DA:13,4
FN:13,Bolt.constructor
FNDA:4,Bolt.constructor
DA:18,4
DA:21,0
FN:21,Bolt.pause
FNDA:0,Bolt.pause
DA:22,0
DA:25,0
FN:25,Bolt.unpause
FNDA:0,Bolt.unpause
DA:26,0
DA:29,0
FN:29,Bolt.mint
FNDA:0,Bolt.mint
DA:30,0
DA:35,5
FN:35,Bolt._update
FNDA:5,Bolt._update
DA:39,5
FNF:5
FNH:2
LF:10
LH:4
BRF:0
BRH:0
end_of_record
TN:
SF:src/EStormOracle.sol
DA:20,2
FN:20,EStormOracle.updatePool
FNDA:2,EStormOracle.updatePool
DA:21,2
DA:22,2
DA:23,2
DA:24,2
DA:27,2
FN:27,EStormOracle.getPool
FNDA:2,EStormOracle.getPool
DA:28,2
FNF:2
FNH:2
LF:7
LH:7
BRF:0
BRH:0
end_of_record
TN:
SF:src/StakingContract.sol
DA:41,4
FN:41,StakingContract.constructor
FNDA:4,StakingContract.constructor
DA:42,4
DA:43,4
DA:46,4
FN:46,StakingContract.createPool
FNDA:4,StakingContract.createPool
DA:53,4
BRDA:53,0,0,1
BRDA:53,0,1,3
DA:55,3
BRDA:55,1,0,3
DA:56,3
DA:59,3
DA:60,3
BRDA:60,2,0,-
BRDA:60,2,1,3
DA:63,3
DA:73,3
DA:82,2
FN:82,StakingContract.deposit
FNDA:2,StakingContract.deposit
DA:83,2
DA:85,2
BRDA:85,3,0,1
BRDA:85,3,1,1
DA:86,1
DA:89,1
BRDA:89,4,0,1
DA:90,1
DA:91,1
BRDA:91,5,0,-
BRDA:91,5,1,1
DA:93,0
DA:95,1
DA:96,1
BRDA:96,6,0,-
BRDA:96,6,1,1
DA:100,1
DA:104,1
BRDA:104,7,0,1
BRDA:104,7,1,-
DA:105,1
DA:106,1
DA:107,1
DA:109,0
DA:110,0
DA:111,0
DA:112,0
DA:113,0
DA:117,2
FN:117,StakingContract.getPool
FNDA:2,StakingContract.getPool
DA:118,2
DA:121,4
FN:121,StakingContract.addGame
FNDA:4,StakingContract.addGame
DA:122,4
DA:125,0
FN:125,StakingContract.pause
FNDA:0,StakingContract.pause
DA:126,0
DA:129,0
FN:129,StakingContract.unpause
FNDA:0,StakingContract.unpause
DA:130,0
FNF:7
FNH:5
LF:39
LH:29
BRF:14
BRH:10
end_of_record
