TN:
SF:src/Bolt.sol
DA:23,8
FN:23,Bolt.constructor
FNDA:8,Bolt.constructor
DA:26,8
DA:29,0
FN:29,Bolt.mintWithSignature
FNDA:0,Bolt.mintWithSignature
DA:30,0
DA:31,0
BRDA:31,0,0,-
BRDA:31,0,1,-
DA:32,0
BRDA:32,1,0,-
BRDA:32,1,1,-
DA:33,0
DA:34,0
DA:37,119983
FN:37,Bolt.safeEBoltTransfer
FNDA:119983,Bolt.safeEBoltTransfer
DA:38,119983
BRDA:38,2,0,-
BRDA:38,2,1,119983
DA:40,119983
DA:42,119983
BRDA:42,3,0,-
BRDA:42,3,1,119983
DA:43,0
DA:45,119983
DA:49,0
FN:49,Bolt.pause
FNDA:0,Bolt.pause
DA:50,0
DA:53,0
FN:53,Bolt.unpause
FNDA:0,Bolt.unpause
DA:54,0
DA:57,150029
FN:57,Bolt.mint
FNDA:150029,Bolt.mint
DA:58,150028
DA:61,8
FN:61,Bolt.decimals
FNDA:8,Bolt.decimals
DA:62,8
DA:65,0
FN:65,Bolt.setSigner
FNDA:0,Bolt.setSigner
DA:66,0
DA:69,7
FN:69,Bolt.setStakingContract
FNDA:7,Bolt.setStakingContract
DA:70,7
DA:75,420047
FN:75,Bolt._update
FNDA:420047,Bolt._update
DA:80,420047
FNF:10
FNH:6
LF:28
LH:15
BRF:8
BRH:2
end_of_record
TN:
SF:src/EStormOracle.sol
DA:22,120023
FN:22,EStormOracle.updatePool
FNDA:120023,EStormOracle.updatePool
DA:23,120023
DA:24,120023
DA:25,120023
DA:26,120023
DA:29,120022
FN:29,EStormOracle.lockReward
FNDA:120022,EStormOracle.lockReward
DA:30,120022
BRDA:30,0,0,-
BRDA:30,0,1,120022
DA:31,120022
DA:34,7
FN:34,EStormOracle.setStakingContract
FNDA:7,EStormOracle.setStakingContract
DA:35,7
DA:38,210042
FN:38,EStormOracle.getPool
FNDA:210042,EStormOracle.getPool
DA:39,210042
FNF:4
FNH:4
LF:12
LH:12
BRF:2
BRH:1
end_of_record
TN:
SF:src/StakingContract.sol
DA:52,7
FN:52,StakingContract.constructor
FNDA:7,StakingContract.constructor
DA:57,7
DA:58,7
DA:59,7
DA:62,60014
FN:62,StakingContract.createPool
FNDA:60014,StakingContract.createPool
DA:69,60014
BRDA:69,0,0,1
BRDA:69,0,1,60013
DA:71,60013
BRDA:71,1,0,60013
DA:72,60013
DA:75,60013
DA:76,60013
BRDA:76,2,0,-
BRDA:76,2,1,60013
DA:79,60013
DA:89,60013
DA:98,150029
FN:98,StakingContract.deposit
FNDA:150029,StakingContract.deposit
DA:99,150029
BRDA:99,3,0,-
BRDA:99,3,1,150029
DA:101,150029
DA:103,150029
BRDA:103,4,0,1
BRDA:103,4,1,150028
DA:105,90016
BRDA:105,5,0,90016
DA:106,150028
DA:108,150028
DA:109,150028
DA:112,30007
FN:112,StakingContract.withdraw
FNDA:30007,StakingContract.withdraw
DA:113,30007
DA:115,30007
BRDA:115,6,0,-
BRDA:115,6,1,30007
DA:117,30006
BRDA:117,7,0,30006
DA:119,30007
DA:121,30007
DA:122,30007
DA:123,30007
DA:125,30007
DA:128,30007
FN:128,StakingContract.updatePoolInfoAfterWithdraw
FNDA:30007,StakingContract.updatePoolInfoAfterWithdraw
DA:131,30007
DA:133,30007
DA:134,30007
DA:136,30007
DA:138,30007
DA:139,30007
DA:141,30007
DA:142,30007
DA:144,30007
DA:150,30006
FN:150,StakingContract.previewUnstakeReward
FNDA:30006,StakingContract.previewUnstakeReward
DA:151,30006
DA:153,30006
DA:156,30006
BRDA:156,8,0,30006
DA:157,30006
DA:158,30006
BRDA:158,9,0,30006
BRDA:157,9,1,-
DA:159,0
BRDA:159,10,0,-
DA:160,0
DA:161,0
DA:165,30006
DA:166,30006
DA:168,30006
DA:169,30006
DA:170,30006
DA:174,120022
FN:174,StakingContract.consumeReward
FNDA:120022,StakingContract.consumeReward
DA:175,120022
DA:176,120022
BRDA:176,11,0,59792
BRDA:176,11,1,177
DA:177,59792
DA:178,59792
DA:179,60230
BRDA:179,12,0,177
DA:180,177
DA:181,177
BRDA:181,13,0,-
BRDA:181,13,1,177
DA:185,177
DA:186,177
DA:188,120022
DA:191,150028
FN:191,StakingContract.updatePoolInfo
FNDA:150028,StakingContract.updatePoolInfo
DA:192,150028
DA:193,150028
DA:194,150028
DA:196,150028
BRDA:196,14,0,60011
BRDA:196,14,1,90017
DA:197,60011
DA:198,60011
DA:199,60011
DA:201,90017
DA:203,90017
DA:208,90017
DA:214,119983
FN:214,StakingContract.safeEBoltTransfer
FNDA:119983,StakingContract.safeEBoltTransfer
DA:215,119983
DA:218,30009
FN:218,StakingContract.getPool
FNDA:30009,StakingContract.getPool
DA:219,30009
DA:222,7
FN:222,StakingContract.addGame
FNDA:7,StakingContract.addGame
DA:223,7
DA:226,0
FN:226,StakingContract.setOracle
FNDA:0,StakingContract.setOracle
DA:227,0
DA:230,0
FN:230,StakingContract.setDevAddress
FNDA:0,StakingContract.setDevAddress
DA:231,0
DA:234,0
FN:234,StakingContract.setDevFee
FNDA:0,StakingContract.setDevFee
DA:235,0
DA:238,0
FN:238,StakingContract.pause
FNDA:0,StakingContract.pause
DA:239,0
DA:242,0
FN:242,StakingContract.unpause
FNDA:0,StakingContract.unpause
DA:243,0
FNF:16
FNH:11
LF:91
LH:78
BRF:24
BRH:18
end_of_record
TN:
SF:test/TestingLibrary.sol
DA:8,30004
FN:8,TestingLibrary.calculateTotalStaked
FNDA:30004,TestingLibrary.calculateTotalStaked
DA:12,30004
DA:14,30004
DA:15,60008
DA:18,30004
BRDA:18,0,0,29786
BRDA:18,0,1,218
DA:19,29786
DA:21,218
DA:22,218
BRDA:22,1,0,218
DA:23,218
DA:27,30004
DA:30,30006
FN:30,TestingLibrary.calculateExpectedShares
FNDA:30006,TestingLibrary.calculateExpectedShares
DA:38,30006
BRDA:38,2,0,1
DA:39,1
DA:40,1
DA:41,1
DA:45,30005
DA:47,30005
DA:51,30005
DA:53,30005
FNF:2
FNH:2
LF:19
LH:19
BRF:4
BRH:4
end_of_record
